nohup: les entrées sont ignorées
cuDNN settings adjusted: benchmark=True, deterministic=False, allow_tf32=True, cudnn.enabled=True
Using device: cuda


########## Starting Training for RESNET50 ##########

Training Fold 1 for model resnet50...
Starting training on Fold 1 for model resnet50...
[Epoch 1] Train Loss: 0.6824 Train Acc: 0.5735 Train Bal Acc: 0.5735
[Epoch 1] Val Loss: 0.6276 Val Acc: 0.6494 Val Bal Acc: 0.6494
---------------------------------------------------
New best model found (Val Balanced Acc: 0.6494)
[Epoch 2] Train Loss: 0.6006 Train Acc: 0.7046 Train Bal Acc: 0.7046
[Epoch 2] Val Loss: 0.5644 Val Acc: 0.6839 Val Bal Acc: 0.6839
---------------------------------------------------
New best model found (Val Balanced Acc: 0.6839)
Validation loss improved to 0.5644
[Epoch 3] Train Loss: 0.5530 Train Acc: 0.7478 Train Bal Acc: 0.7478
[Epoch 3] Val Loss: 0.5340 Val Acc: 0.7011 Val Bal Acc: 0.7011
---------------------------------------------------
New best model found (Val Balanced Acc: 0.7011)
Validation loss improved to 0.5340
[Epoch 4] Train Loss: 0.5193 Train Acc: 0.7536 Train Bal Acc: 0.7536
[Epoch 4] Val Loss: 0.5015 Val Acc: 0.7471 Val Bal Acc: 0.7471
---------------------------------------------------
New best model found (Val Balanced Acc: 0.7471)
Validation loss improved to 0.5015
[Epoch 5] Train Loss: 0.4873 Train Acc: 0.7795 Train Bal Acc: 0.7795
[Epoch 5] Val Loss: 0.4948 Val Acc: 0.7299 Val Bal Acc: 0.7299
---------------------------------------------------
Validation loss improved to 0.4948
[Epoch 6] Train Loss: 0.4977 Train Acc: 0.7579 Train Bal Acc: 0.7579
[Epoch 6] Val Loss: 0.4999 Val Acc: 0.7126 Val Bal Acc: 0.7126
---------------------------------------------------
No improvement in val loss. Counter: 1
[Epoch 7] Train Loss: 0.4566 Train Acc: 0.7867 Train Bal Acc: 0.7867
[Epoch 7] Val Loss: 0.4913 Val Acc: 0.7529 Val Bal Acc: 0.7529
---------------------------------------------------
New best model found (Val Balanced Acc: 0.7529)
Validation loss improved to 0.4913
[Epoch 8] Train Loss: 0.4532 Train Acc: 0.7939 Train Bal Acc: 0.7939
[Epoch 8] Val Loss: 0.4922 Val Acc: 0.7529 Val Bal Acc: 0.7529
---------------------------------------------------
No improvement in val loss. Counter: 1
[Epoch 9] Train Loss: 0.4678 Train Acc: 0.7666 Train Bal Acc: 0.7666
[Epoch 9] Val Loss: 0.4784 Val Acc: 0.7529 Val Bal Acc: 0.7529
---------------------------------------------------
Validation loss improved to 0.4784
[Epoch 10] Train Loss: 0.4600 Train Acc: 0.7680 Train Bal Acc: 0.7680
[Epoch 10] Val Loss: 0.5209 Val Acc: 0.7701 Val Bal Acc: 0.7701
---------------------------------------------------
New best model found (Val Balanced Acc: 0.7701)
No improvement in val loss. Counter: 1
[Epoch 11] Train Loss: 0.4198 Train Acc: 0.8141 Train Bal Acc: 0.8141
[Epoch 11] Val Loss: 0.5161 Val Acc: 0.7529 Val Bal Acc: 0.7529
---------------------------------------------------
No improvement in val loss. Counter: 2
[Epoch 12] Train Loss: 0.4140 Train Acc: 0.7939 Train Bal Acc: 0.7939
[Epoch 12] Val Loss: 0.5154 Val Acc: 0.7241 Val Bal Acc: 0.7241
---------------------------------------------------
No improvement in val loss. Counter: 3
[Epoch 13] Train Loss: 0.4201 Train Acc: 0.8012 Train Bal Acc: 0.8012
[Epoch 13] Val Loss: 0.5464 Val Acc: 0.7414 Val Bal Acc: 0.7414
---------------------------------------------------
No improvement in val loss. Counter: 4
[Epoch 14] Train Loss: 0.4222 Train Acc: 0.7939 Train Bal Acc: 0.7939
[Epoch 14] Val Loss: 0.5033 Val Acc: 0.7414 Val Bal Acc: 0.7414
---------------------------------------------------
No improvement in val loss. Counter: 5
[Epoch 15] Train Loss: 0.4120 Train Acc: 0.8213 Train Bal Acc: 0.8213
[Epoch 15] Val Loss: 0.5213 Val Acc: 0.7299 Val Bal Acc: 0.7299
---------------------------------------------------
No improvement in val loss. Counter: 6
[Epoch 16] Train Loss: 0.3888 Train Acc: 0.8127 Train Bal Acc: 0.8127
[Epoch 16] Val Loss: 0.5352 Val Acc: 0.7356 Val Bal Acc: 0.7356
---------------------------------------------------
No improvement in val loss. Counter: 7
[Epoch 17] Train Loss: 0.3877 Train Acc: 0.8271 Train Bal Acc: 0.8271
[Epoch 17] Val Loss: 0.5597 Val Acc: 0.7414 Val Bal Acc: 0.7414
---------------------------------------------------
No improvement in val loss. Counter: 8
[Epoch 18] Train Loss: 0.3724 Train Acc: 0.8357 Train Bal Acc: 0.8357
[Epoch 18] Val Loss: 0.5683 Val Acc: 0.7241 Val Bal Acc: 0.7241
---------------------------------------------------
No improvement in val loss. Counter: 9
[Epoch 19] Train Loss: 0.3661 Train Acc: 0.8256 Train Bal Acc: 0.8256
[Epoch 19] Val Loss: 0.5753 Val Acc: 0.7184 Val Bal Acc: 0.7184
---------------------------------------------------
No improvement in val loss. Counter: 10
Early stopping triggered at epoch 19
Saved best model checkpoint at Results/final_summary/resnet50/checkpoints/fold_1/model_fold_1_best.pth
Training Fold 2 for model resnet50...
Starting training on Fold 2 for model resnet50...
[Epoch 1] Train Loss: 0.6558 Train Acc: 0.6282 Train Bal Acc: 0.6282
[Epoch 1] Val Loss: 0.5809 Val Acc: 0.7414 Val Bal Acc: 0.7414
---------------------------------------------------
New best model found (Val Balanced Acc: 0.7414)
[Epoch 2] Train Loss: 0.5978 Train Acc: 0.6960 Train Bal Acc: 0.6960
[Epoch 2] Val Loss: 0.4615 Val Acc: 0.8678 Val Bal Acc: 0.8678
---------------------------------------------------
New best model found (Val Balanced Acc: 0.8678)
Validation loss improved to 0.4615
[Epoch 3] Train Loss: 0.5600 Train Acc: 0.7190 Train Bal Acc: 0.7190
[Epoch 3] Val Loss: 0.3977 Val Acc: 0.8736 Val Bal Acc: 0.8736
---------------------------------------------------
New best model found (Val Balanced Acc: 0.8736)
Validation loss improved to 0.3977
[Epoch 4] Train Loss: 0.5381 Train Acc: 0.7334 Train Bal Acc: 0.7334
[Epoch 4] Val Loss: 0.3960 Val Acc: 0.8563 Val Bal Acc: 0.8563
---------------------------------------------------
Validation loss improved to 0.3960
[Epoch 5] Train Loss: 0.5223 Train Acc: 0.7291 Train Bal Acc: 0.7291
[Epoch 5] Val Loss: 0.3654 Val Acc: 0.8506 Val Bal Acc: 0.8506
---------------------------------------------------
Validation loss improved to 0.3654
[Epoch 6] Train Loss: 0.5110 Train Acc: 0.7478 Train Bal Acc: 0.7478
[Epoch 6] Val Loss: 0.3727 Val Acc: 0.8563 Val Bal Acc: 0.8563
---------------------------------------------------
No improvement in val loss. Counter: 1
[Epoch 7] Train Loss: 0.4928 Train Acc: 0.7651 Train Bal Acc: 0.7651
[Epoch 7] Val Loss: 0.3866 Val Acc: 0.8621 Val Bal Acc: 0.8621
---------------------------------------------------
No improvement in val loss. Counter: 2
[Epoch 8] Train Loss: 0.4745 Train Acc: 0.7695 Train Bal Acc: 0.7695
[Epoch 8] Val Loss: 0.3589 Val Acc: 0.8563 Val Bal Acc: 0.8563
---------------------------------------------------
Validation loss improved to 0.3589
[Epoch 9] Train Loss: 0.4637 Train Acc: 0.7867 Train Bal Acc: 0.7867
[Epoch 9] Val Loss: 0.3483 Val Acc: 0.8621 Val Bal Acc: 0.8621
---------------------------------------------------
Validation loss improved to 0.3483
[Epoch 10] Train Loss: 0.4658 Train Acc: 0.7781 Train Bal Acc: 0.7781
[Epoch 10] Val Loss: 0.3488 Val Acc: 0.8506 Val Bal Acc: 0.8506
---------------------------------------------------
No improvement in val loss. Counter: 1
[Epoch 11] Train Loss: 0.4416 Train Acc: 0.7939 Train Bal Acc: 0.7939
[Epoch 11] Val Loss: 0.3647 Val Acc: 0.8506 Val Bal Acc: 0.8506
---------------------------------------------------
No improvement in val loss. Counter: 2
[Epoch 12] Train Loss: 0.4448 Train Acc: 0.7896 Train Bal Acc: 0.7896
[Epoch 12] Val Loss: 0.3667 Val Acc: 0.8563 Val Bal Acc: 0.8563
---------------------------------------------------
No improvement in val loss. Counter: 3
[Epoch 13] Train Loss: 0.4301 Train Acc: 0.8026 Train Bal Acc: 0.8026
[Epoch 13] Val Loss: 0.3587 Val Acc: 0.8506 Val Bal Acc: 0.8506
---------------------------------------------------
No improvement in val loss. Counter: 4
[Epoch 14] Train Loss: 0.4498 Train Acc: 0.7867 Train Bal Acc: 0.7867
[Epoch 14] Val Loss: 0.3604 Val Acc: 0.8391 Val Bal Acc: 0.8391
---------------------------------------------------
No improvement in val loss. Counter: 5
[Epoch 15] Train Loss: 0.4320 Train Acc: 0.7997 Train Bal Acc: 0.7997
[Epoch 15] Val Loss: 0.3628 Val Acc: 0.8333 Val Bal Acc: 0.8333
---------------------------------------------------
No improvement in val loss. Counter: 6
[Epoch 16] Train Loss: 0.3990 Train Acc: 0.8271 Train Bal Acc: 0.8271
[Epoch 16] Val Loss: 0.3518 Val Acc: 0.8218 Val Bal Acc: 0.8218
---------------------------------------------------
No improvement in val loss. Counter: 7
[Epoch 17] Train Loss: 0.4147 Train Acc: 0.7983 Train Bal Acc: 0.7983
[Epoch 17] Val Loss: 0.3455 Val Acc: 0.8103 Val Bal Acc: 0.8103
---------------------------------------------------
Validation loss improved to 0.3455
[Epoch 18] Train Loss: 0.3882 Train Acc: 0.8040 Train Bal Acc: 0.8040
[Epoch 18] Val Loss: 0.3405 Val Acc: 0.7989 Val Bal Acc: 0.7989
---------------------------------------------------
Validation loss improved to 0.3405
[Epoch 19] Train Loss: 0.3971 Train Acc: 0.8228 Train Bal Acc: 0.8228
[Epoch 19] Val Loss: 0.3635 Val Acc: 0.8161 Val Bal Acc: 0.8161
---------------------------------------------------
No improvement in val loss. Counter: 1
[Epoch 20] Train Loss: 0.3731 Train Acc: 0.8256 Train Bal Acc: 0.8256
[Epoch 20] Val Loss: 0.3655 Val Acc: 0.8218 Val Bal Acc: 0.8218
---------------------------------------------------
No improvement in val loss. Counter: 2
[Epoch 21] Train Loss: 0.3464 Train Acc: 0.8386 Train Bal Acc: 0.8386
[Epoch 21] Val Loss: 0.3551 Val Acc: 0.8161 Val Bal Acc: 0.8161
---------------------------------------------------
No improvement in val loss. Counter: 3
[Epoch 22] Train Loss: 0.3787 Train Acc: 0.8127 Train Bal Acc: 0.8127
[Epoch 22] Val Loss: 0.3800 Val Acc: 0.8103 Val Bal Acc: 0.8103
---------------------------------------------------
No improvement in val loss. Counter: 4
[Epoch 23] Train Loss: 0.3814 Train Acc: 0.8401 Train Bal Acc: 0.8401
[Epoch 23] Val Loss: 0.3745 Val Acc: 0.8103 Val Bal Acc: 0.8103
---------------------------------------------------
No improvement in val loss. Counter: 5
[Epoch 24] Train Loss: 0.3582 Train Acc: 0.8357 Train Bal Acc: 0.8357
[Epoch 24] Val Loss: 0.4001 Val Acc: 0.7816 Val Bal Acc: 0.7816
---------------------------------------------------
No improvement in val loss. Counter: 6
[Epoch 25] Train Loss: 0.3413 Train Acc: 0.8545 Train Bal Acc: 0.8545
[Epoch 25] Val Loss: 0.3853 Val Acc: 0.7931 Val Bal Acc: 0.7931
---------------------------------------------------
No improvement in val loss. Counter: 7
[Epoch 26] Train Loss: 0.3593 Train Acc: 0.8530 Train Bal Acc: 0.8530
[Epoch 26] Val Loss: 0.3640 Val Acc: 0.8276 Val Bal Acc: 0.8276
---------------------------------------------------
No improvement in val loss. Counter: 8
[Epoch 27] Train Loss: 0.3292 Train Acc: 0.8487 Train Bal Acc: 0.8487
[Epoch 27] Val Loss: 0.3994 Val Acc: 0.8161 Val Bal Acc: 0.8161
---------------------------------------------------
No improvement in val loss. Counter: 9
[Epoch 28] Train Loss: 0.3487 Train Acc: 0.8530 Train Bal Acc: 0.8530
[Epoch 28] Val Loss: 0.4077 Val Acc: 0.7931 Val Bal Acc: 0.7931
---------------------------------------------------
No improvement in val loss. Counter: 10
Early stopping triggered at epoch 28
Saved best model checkpoint at Results/final_summary/resnet50/checkpoints/fold_2/model_fold_2_best.pth
Training Fold 3 for model resnet50...
Starting training on Fold 3 for model resnet50...
[Epoch 1] Train Loss: 0.6498 Train Acc: 0.6297 Train Bal Acc: 0.6297
[Epoch 1] Val Loss: 0.6349 Val Acc: 0.6437 Val Bal Acc: 0.6437
---------------------------------------------------
New best model found (Val Balanced Acc: 0.6437)
[Epoch 2] Train Loss: 0.5615 Train Acc: 0.7190 Train Bal Acc: 0.7190
[Epoch 2] Val Loss: 0.5737 Val Acc: 0.7241 Val Bal Acc: 0.7241
---------------------------------------------------
New best model found (Val Balanced Acc: 0.7241)
Validation loss improved to 0.5737
[Epoch 3] Train Loss: 0.5387 Train Acc: 0.7450 Train Bal Acc: 0.7450
[Epoch 3] Val Loss: 0.5626 Val Acc: 0.7241 Val Bal Acc: 0.7241
---------------------------------------------------
Validation loss improved to 0.5626
[Epoch 4] Train Loss: 0.5140 Train Acc: 0.7493 Train Bal Acc: 0.7493
[Epoch 4] Val Loss: 0.5360 Val Acc: 0.7414 Val Bal Acc: 0.7414
---------------------------------------------------
New best model found (Val Balanced Acc: 0.7414)
Validation loss improved to 0.5360
[Epoch 5] Train Loss: 0.4994 Train Acc: 0.7579 Train Bal Acc: 0.7579
[Epoch 5] Val Loss: 0.5206 Val Acc: 0.7586 Val Bal Acc: 0.7586
---------------------------------------------------
New best model found (Val Balanced Acc: 0.7586)
Validation loss improved to 0.5206
[Epoch 6] Train Loss: 0.4577 Train Acc: 0.7896 Train Bal Acc: 0.7896
[Epoch 6] Val Loss: 0.5032 Val Acc: 0.7816 Val Bal Acc: 0.7816
---------------------------------------------------
New best model found (Val Balanced Acc: 0.7816)
Validation loss improved to 0.5032
[Epoch 7] Train Loss: 0.4494 Train Acc: 0.7839 Train Bal Acc: 0.7839
[Epoch 7] Val Loss: 0.5032 Val Acc: 0.7816 Val Bal Acc: 0.7816
---------------------------------------------------
No improvement in val loss. Counter: 1
[Epoch 8] Train Loss: 0.4611 Train Acc: 0.7666 Train Bal Acc: 0.7666
[Epoch 8] Val Loss: 0.5123 Val Acc: 0.7701 Val Bal Acc: 0.7701
---------------------------------------------------
No improvement in val loss. Counter: 2
[Epoch 9] Train Loss: 0.4537 Train Acc: 0.7752 Train Bal Acc: 0.7752
[Epoch 9] Val Loss: 0.4954 Val Acc: 0.7759 Val Bal Acc: 0.7759
---------------------------------------------------
Validation loss improved to 0.4954
[Epoch 10] Train Loss: 0.4551 Train Acc: 0.7824 Train Bal Acc: 0.7824
[Epoch 10] Val Loss: 0.4898 Val Acc: 0.7874 Val Bal Acc: 0.7874
---------------------------------------------------
New best model found (Val Balanced Acc: 0.7874)
Validation loss improved to 0.4898
[Epoch 11] Train Loss: 0.4441 Train Acc: 0.7896 Train Bal Acc: 0.7896
[Epoch 11] Val Loss: 0.5024 Val Acc: 0.7586 Val Bal Acc: 0.7586
---------------------------------------------------
No improvement in val loss. Counter: 1
[Epoch 12] Train Loss: 0.4292 Train Acc: 0.7954 Train Bal Acc: 0.7954
[Epoch 12] Val Loss: 0.4817 Val Acc: 0.7586 Val Bal Acc: 0.7586
---------------------------------------------------
Validation loss improved to 0.4817
[Epoch 13] Train Loss: 0.4243 Train Acc: 0.7968 Train Bal Acc: 0.7968
[Epoch 13] Val Loss: 0.4671 Val Acc: 0.7701 Val Bal Acc: 0.7701
---------------------------------------------------
Validation loss improved to 0.4671
[Epoch 14] Train Loss: 0.4036 Train Acc: 0.8141 Train Bal Acc: 0.8141
[Epoch 14] Val Loss: 0.4850 Val Acc: 0.7874 Val Bal Acc: 0.7874
---------------------------------------------------
No improvement in val loss. Counter: 1
[Epoch 15] Train Loss: 0.4278 Train Acc: 0.7997 Train Bal Acc: 0.7997
[Epoch 15] Val Loss: 0.4770 Val Acc: 0.7931 Val Bal Acc: 0.7931
---------------------------------------------------
New best model found (Val Balanced Acc: 0.7931)
No improvement in val loss. Counter: 2
[Epoch 16] Train Loss: 0.4099 Train Acc: 0.8084 Train Bal Acc: 0.8084
[Epoch 16] Val Loss: 0.4871 Val Acc: 0.8046 Val Bal Acc: 0.8046
---------------------------------------------------
New best model found (Val Balanced Acc: 0.8046)
No improvement in val loss. Counter: 3
[Epoch 17] Train Loss: 0.3835 Train Acc: 0.8242 Train Bal Acc: 0.8242
[Epoch 17] Val Loss: 0.4878 Val Acc: 0.8046 Val Bal Acc: 0.8046
---------------------------------------------------
New best model found (Val Balanced Acc: 0.8046)
No improvement in val loss. Counter: 4
[Epoch 18] Train Loss: 0.3915 Train Acc: 0.8199 Train Bal Acc: 0.8199
[Epoch 18] Val Loss: 0.4777 Val Acc: 0.7931 Val Bal Acc: 0.7931
---------------------------------------------------
No improvement in val loss. Counter: 5
[Epoch 19] Train Loss: 0.3544 Train Acc: 0.8429 Train Bal Acc: 0.8429
[Epoch 19] Val Loss: 0.4758 Val Acc: 0.7931 Val Bal Acc: 0.7931
---------------------------------------------------
No improvement in val loss. Counter: 6
[Epoch 20] Train Loss: 0.3766 Train Acc: 0.8343 Train Bal Acc: 0.8343
[Epoch 20] Val Loss: 0.5131 Val Acc: 0.7874 Val Bal Acc: 0.7874
---------------------------------------------------
No improvement in val loss. Counter: 7
[Epoch 21] Train Loss: 0.3666 Train Acc: 0.8343 Train Bal Acc: 0.8343
[Epoch 21] Val Loss: 0.4961 Val Acc: 0.7759 Val Bal Acc: 0.7759
---------------------------------------------------
No improvement in val loss. Counter: 8
[Epoch 22] Train Loss: 0.3777 Train Acc: 0.8300 Train Bal Acc: 0.8300
[Epoch 22] Val Loss: 0.5236 Val Acc: 0.7874 Val Bal Acc: 0.7874
---------------------------------------------------
No improvement in val loss. Counter: 9
[Epoch 23] Train Loss: 0.3599 Train Acc: 0.8429 Train Bal Acc: 0.8429
[Epoch 23] Val Loss: 0.5306 Val Acc: 0.7586 Val Bal Acc: 0.7586
---------------------------------------------------
No improvement in val loss. Counter: 10
Early stopping triggered at epoch 23
Saved best model checkpoint at Results/final_summary/resnet50/checkpoints/fold_3/model_fold_3_best.pth
Training Fold 4 for model resnet50...
Starting training on Fold 4 for model resnet50...
[Epoch 1] Train Loss: 0.6599 Train Acc: 0.6187 Train Bal Acc: 0.6185
[Epoch 1] Val Loss: 0.6019 Val Acc: 0.7110 Val Bal Acc: 0.7120
---------------------------------------------------
New best model found (Val Balanced Acc: 0.7120)
[Epoch 2] Train Loss: 0.5721 Train Acc: 0.7194 Train Bal Acc: 0.7194
[Epoch 2] Val Loss: 0.5418 Val Acc: 0.7514 Val Bal Acc: 0.7521
---------------------------------------------------
New best model found (Val Balanced Acc: 0.7521)
Validation loss improved to 0.5418
[Epoch 3] Train Loss: 0.5192 Train Acc: 0.7381 Train Bal Acc: 0.7380
[Epoch 3] Val Loss: 0.5359 Val Acc: 0.7341 Val Bal Acc: 0.7350
---------------------------------------------------
Validation loss improved to 0.5359
[Epoch 4] Train Loss: 0.5035 Train Acc: 0.7511 Train Bal Acc: 0.7510
[Epoch 4] Val Loss: 0.4924 Val Acc: 0.7861 Val Bal Acc: 0.7865
---------------------------------------------------
New best model found (Val Balanced Acc: 0.7865)
Validation loss improved to 0.4924
[Epoch 5] Train Loss: 0.5034 Train Acc: 0.7482 Train Bal Acc: 0.7481
[Epoch 5] Val Loss: 0.5044 Val Acc: 0.7572 Val Bal Acc: 0.7574
---------------------------------------------------
No improvement in val loss. Counter: 1
[Epoch 6] Train Loss: 0.4763 Train Acc: 0.7813 Train Bal Acc: 0.7813
[Epoch 6] Val Loss: 0.4967 Val Acc: 0.7861 Val Bal Acc: 0.7862
---------------------------------------------------
No improvement in val loss. Counter: 2
[Epoch 7] Train Loss: 0.4659 Train Acc: 0.7770 Train Bal Acc: 0.7770
[Epoch 7] Val Loss: 0.5131 Val Acc: 0.7688 Val Bal Acc: 0.7685
---------------------------------------------------
No improvement in val loss. Counter: 3
[Epoch 8] Train Loss: 0.4539 Train Acc: 0.7698 Train Bal Acc: 0.7697
[Epoch 8] Val Loss: 0.4948 Val Acc: 0.7919 Val Bal Acc: 0.7918
---------------------------------------------------
New best model found (Val Balanced Acc: 0.7918)
No improvement in val loss. Counter: 4
[Epoch 9] Train Loss: 0.4372 Train Acc: 0.7971 Train Bal Acc: 0.7971
[Epoch 9] Val Loss: 0.4986 Val Acc: 0.7688 Val Bal Acc: 0.7688
---------------------------------------------------
No improvement in val loss. Counter: 5
[Epoch 10] Train Loss: 0.4452 Train Acc: 0.7928 Train Bal Acc: 0.7928
[Epoch 10] Val Loss: 0.5158 Val Acc: 0.7572 Val Bal Acc: 0.7574
---------------------------------------------------
No improvement in val loss. Counter: 6
[Epoch 11] Train Loss: 0.4231 Train Acc: 0.8086 Train Bal Acc: 0.8086
[Epoch 11] Val Loss: 0.4925 Val Acc: 0.7746 Val Bal Acc: 0.7747
---------------------------------------------------
No improvement in val loss. Counter: 7
[Epoch 12] Train Loss: 0.4164 Train Acc: 0.8029 Train Bal Acc: 0.8029
[Epoch 12] Val Loss: 0.4856 Val Acc: 0.7919 Val Bal Acc: 0.7920
---------------------------------------------------
New best model found (Val Balanced Acc: 0.7920)
Validation loss improved to 0.4856
[Epoch 13] Train Loss: 0.3923 Train Acc: 0.8187 Train Bal Acc: 0.8186
[Epoch 13] Val Loss: 0.5090 Val Acc: 0.7630 Val Bal Acc: 0.7630
---------------------------------------------------
No improvement in val loss. Counter: 1
[Epoch 14] Train Loss: 0.3789 Train Acc: 0.8245 Train Bal Acc: 0.8244
[Epoch 14] Val Loss: 0.4992 Val Acc: 0.7746 Val Bal Acc: 0.7748
---------------------------------------------------
No improvement in val loss. Counter: 2
[Epoch 15] Train Loss: 0.4025 Train Acc: 0.8187 Train Bal Acc: 0.8187
[Epoch 15] Val Loss: 0.5580 Val Acc: 0.7630 Val Bal Acc: 0.7625
---------------------------------------------------
No improvement in val loss. Counter: 3
[Epoch 16] Train Loss: 0.4262 Train Acc: 0.7957 Train Bal Acc: 0.7956
[Epoch 16] Val Loss: 0.5135 Val Acc: 0.7630 Val Bal Acc: 0.7629
---------------------------------------------------
No improvement in val loss. Counter: 4
[Epoch 17] Train Loss: 0.4090 Train Acc: 0.8273 Train Bal Acc: 0.8273
[Epoch 17] Val Loss: 0.5204 Val Acc: 0.7688 Val Bal Acc: 0.7688
---------------------------------------------------
No improvement in val loss. Counter: 5
[Epoch 18] Train Loss: 0.3762 Train Acc: 0.8331 Train Bal Acc: 0.8331
[Epoch 18] Val Loss: 0.4930 Val Acc: 0.7803 Val Bal Acc: 0.7803
---------------------------------------------------
No improvement in val loss. Counter: 6
[Epoch 19] Train Loss: 0.3859 Train Acc: 0.8173 Train Bal Acc: 0.8172
[Epoch 19] Val Loss: 0.5161 Val Acc: 0.7630 Val Bal Acc: 0.7631
---------------------------------------------------
No improvement in val loss. Counter: 7
[Epoch 20] Train Loss: 0.3577 Train Acc: 0.8403 Train Bal Acc: 0.8403
[Epoch 20] Val Loss: 0.5692 Val Acc: 0.7688 Val Bal Acc: 0.7684
---------------------------------------------------
No improvement in val loss. Counter: 8
[Epoch 21] Train Loss: 0.3823 Train Acc: 0.8216 Train Bal Acc: 0.8216
[Epoch 21] Val Loss: 0.5050 Val Acc: 0.7919 Val Bal Acc: 0.7919
---------------------------------------------------
No improvement in val loss. Counter: 9
[Epoch 22] Train Loss: 0.3352 Train Acc: 0.8604 Train Bal Acc: 0.8604
[Epoch 22] Val Loss: 0.5196 Val Acc: 0.7514 Val Bal Acc: 0.7513
---------------------------------------------------
No improvement in val loss. Counter: 10
Early stopping triggered at epoch 22
Saved best model checkpoint at Results/final_summary/resnet50/checkpoints/fold_4/model_fold_4_best.pth
Training Fold 5 for model resnet50...
Starting training on Fold 5 for model resnet50...
[Epoch 1] Train Loss: 0.6587 Train Acc: 0.6029 Train Bal Acc: 0.6030
[Epoch 1] Val Loss: 0.6154 Val Acc: 0.6647 Val Bal Acc: 0.6632
---------------------------------------------------
New best model found (Val Balanced Acc: 0.6632)
[Epoch 2] Train Loss: 0.5890 Train Acc: 0.7036 Train Bal Acc: 0.7036
[Epoch 2] Val Loss: 0.5531 Val Acc: 0.7225 Val Bal Acc: 0.7217
---------------------------------------------------
New best model found (Val Balanced Acc: 0.7217)
Validation loss improved to 0.5531
[Epoch 3] Train Loss: 0.5394 Train Acc: 0.7180 Train Bal Acc: 0.7180
[Epoch 3] Val Loss: 0.5151 Val Acc: 0.7514 Val Bal Acc: 0.7509
---------------------------------------------------
New best model found (Val Balanced Acc: 0.7509)
Validation loss improved to 0.5151
[Epoch 4] Train Loss: 0.5086 Train Acc: 0.7583 Train Bal Acc: 0.7584
[Epoch 4] Val Loss: 0.4901 Val Acc: 0.7746 Val Bal Acc: 0.7743
---------------------------------------------------
New best model found (Val Balanced Acc: 0.7743)
Validation loss improved to 0.4901
[Epoch 5] Train Loss: 0.4887 Train Acc: 0.7640 Train Bal Acc: 0.7641
[Epoch 5] Val Loss: 0.5087 Val Acc: 0.7630 Val Bal Acc: 0.7620
---------------------------------------------------
No improvement in val loss. Counter: 1
[Epoch 6] Train Loss: 0.4811 Train Acc: 0.7655 Train Bal Acc: 0.7655
[Epoch 6] Val Loss: 0.4750 Val Acc: 0.7861 Val Bal Acc: 0.7857
---------------------------------------------------
New best model found (Val Balanced Acc: 0.7857)
Validation loss improved to 0.4750
[Epoch 7] Train Loss: 0.4840 Train Acc: 0.7640 Train Bal Acc: 0.7640
[Epoch 7] Val Loss: 0.4777 Val Acc: 0.7803 Val Bal Acc: 0.7801
---------------------------------------------------
No improvement in val loss. Counter: 1
[Epoch 8] Train Loss: 0.4647 Train Acc: 0.7856 Train Bal Acc: 0.7857
[Epoch 8] Val Loss: 0.4993 Val Acc: 0.7341 Val Bal Acc: 0.7341
---------------------------------------------------
No improvement in val loss. Counter: 2
[Epoch 9] Train Loss: 0.4706 Train Acc: 0.7770 Train Bal Acc: 0.7770
[Epoch 9] Val Loss: 0.4974 Val Acc: 0.7572 Val Bal Acc: 0.7568
---------------------------------------------------
No improvement in val loss. Counter: 3
[Epoch 10] Train Loss: 0.4476 Train Acc: 0.7871 Train Bal Acc: 0.7871
[Epoch 10] Val Loss: 0.5014 Val Acc: 0.7746 Val Bal Acc: 0.7745
---------------------------------------------------
No improvement in val loss. Counter: 4
[Epoch 11] Train Loss: 0.4459 Train Acc: 0.7986 Train Bal Acc: 0.7986
[Epoch 11] Val Loss: 0.5156 Val Acc: 0.7572 Val Bal Acc: 0.7566
---------------------------------------------------
No improvement in val loss. Counter: 5
[Epoch 12] Train Loss: 0.4421 Train Acc: 0.7914 Train Bal Acc: 0.7914
[Epoch 12] Val Loss: 0.5186 Val Acc: 0.7457 Val Bal Acc: 0.7456
---------------------------------------------------
No improvement in val loss. Counter: 6
[Epoch 13] Train Loss: 0.4059 Train Acc: 0.8058 Train Bal Acc: 0.8058
[Epoch 13] Val Loss: 0.5061 Val Acc: 0.7572 Val Bal Acc: 0.7572
---------------------------------------------------
No improvement in val loss. Counter: 7
[Epoch 14] Train Loss: 0.3888 Train Acc: 0.8259 Train Bal Acc: 0.8259
[Epoch 14] Val Loss: 0.5360 Val Acc: 0.7630 Val Bal Acc: 0.7626
---------------------------------------------------
No improvement in val loss. Counter: 8
[Epoch 15] Train Loss: 0.4129 Train Acc: 0.8158 Train Bal Acc: 0.8159
[Epoch 15] Val Loss: 0.5834 Val Acc: 0.7457 Val Bal Acc: 0.7457
---------------------------------------------------
No improvement in val loss. Counter: 9
[Epoch 16] Train Loss: 0.3961 Train Acc: 0.8245 Train Bal Acc: 0.8245
[Epoch 16] Val Loss: 0.5298 Val Acc: 0.7803 Val Bal Acc: 0.7799
---------------------------------------------------
No improvement in val loss. Counter: 10
Early stopping triggered at epoch 16
Saved best model checkpoint at Results/final_summary/resnet50/checkpoints/fold_5/model_fold_5_best.pth


########## Starting Training for DENSENET121 ##########

Training Fold 1 for model densenet121...
Starting training on Fold 1 for model densenet121...
[Epoch 1] Train Loss: 0.7064 Train Acc: 0.5346 Train Bal Acc: 0.5346
[Epoch 1] Val Loss: 0.7202 Val Acc: 0.5000 Val Bal Acc: 0.5000
---------------------------------------------------
New best model found (Val Balanced Acc: 0.5000)
[Epoch 2] Train Loss: 0.6250 Train Acc: 0.6571 Train Bal Acc: 0.6571
[Epoch 2] Val Loss: 0.6760 Val Acc: 0.5115 Val Bal Acc: 0.5115
---------------------------------------------------
New best model found (Val Balanced Acc: 0.5115)
Validation loss improved to 0.6760
[Epoch 3] Train Loss: 0.5982 Train Acc: 0.7046 Train Bal Acc: 0.7046
[Epoch 3] Val Loss: 0.6124 Val Acc: 0.6494 Val Bal Acc: 0.6494
---------------------------------------------------
New best model found (Val Balanced Acc: 0.6494)
Validation loss improved to 0.6124
[Epoch 4] Train Loss: 0.5678 Train Acc: 0.7205 Train Bal Acc: 0.7205
[Epoch 4] Val Loss: 0.5860 Val Acc: 0.6782 Val Bal Acc: 0.6782
---------------------------------------------------
New best model found (Val Balanced Acc: 0.6782)
Validation loss improved to 0.5860
[Epoch 5] Train Loss: 0.5399 Train Acc: 0.7305 Train Bal Acc: 0.7305
[Epoch 5] Val Loss: 0.5682 Val Acc: 0.7011 Val Bal Acc: 0.7011
---------------------------------------------------
New best model found (Val Balanced Acc: 0.7011)
Validation loss improved to 0.5682
[Epoch 6] Train Loss: 0.5371 Train Acc: 0.7406 Train Bal Acc: 0.7406
[Epoch 6] Val Loss: 0.5371 Val Acc: 0.7011 Val Bal Acc: 0.7011
---------------------------------------------------
Validation loss improved to 0.5371
[Epoch 7] Train Loss: 0.5093 Train Acc: 0.7608 Train Bal Acc: 0.7608
[Epoch 7] Val Loss: 0.5299 Val Acc: 0.7184 Val Bal Acc: 0.7184
---------------------------------------------------
New best model found (Val Balanced Acc: 0.7184)
Validation loss improved to 0.5299
[Epoch 8] Train Loss: 0.5135 Train Acc: 0.7651 Train Bal Acc: 0.7651
[Epoch 8] Val Loss: 0.5209 Val Acc: 0.7126 Val Bal Acc: 0.7126
---------------------------------------------------
Validation loss improved to 0.5209
[Epoch 9] Train Loss: 0.5145 Train Acc: 0.7507 Train Bal Acc: 0.7507
[Epoch 9] Val Loss: 0.5072 Val Acc: 0.7471 Val Bal Acc: 0.7471
---------------------------------------------------
New best model found (Val Balanced Acc: 0.7471)
Validation loss improved to 0.5072
[Epoch 10] Train Loss: 0.4898 Train Acc: 0.7695 Train Bal Acc: 0.7695
[Epoch 10] Val Loss: 0.4976 Val Acc: 0.7414 Val Bal Acc: 0.7414
---------------------------------------------------
Validation loss improved to 0.4976
[Epoch 11] Train Loss: 0.4618 Train Acc: 0.7911 Train Bal Acc: 0.7911
[Epoch 11] Val Loss: 0.4882 Val Acc: 0.7586 Val Bal Acc: 0.7586
---------------------------------------------------
New best model found (Val Balanced Acc: 0.7586)
Validation loss improved to 0.4882
[Epoch 12] Train Loss: 0.4692 Train Acc: 0.7839 Train Bal Acc: 0.7839
[Epoch 12] Val Loss: 0.4874 Val Acc: 0.7471 Val Bal Acc: 0.7471
---------------------------------------------------
Validation loss improved to 0.4874
[Epoch 13] Train Loss: 0.4614 Train Acc: 0.7795 Train Bal Acc: 0.7795
[Epoch 13] Val Loss: 0.4914 Val Acc: 0.7471 Val Bal Acc: 0.7471
---------------------------------------------------
No improvement in val loss. Counter: 1
[Epoch 14] Train Loss: 0.4699 Train Acc: 0.7680 Train Bal Acc: 0.7680
[Epoch 14] Val Loss: 0.4803 Val Acc: 0.7356 Val Bal Acc: 0.7356
---------------------------------------------------
Validation loss improved to 0.4803
[Epoch 15] Train Loss: 0.4647 Train Acc: 0.7853 Train Bal Acc: 0.7853
[Epoch 15] Val Loss: 0.4937 Val Acc: 0.7299 Val Bal Acc: 0.7299
---------------------------------------------------
No improvement in val loss. Counter: 1
[Epoch 16] Train Loss: 0.4710 Train Acc: 0.7781 Train Bal Acc: 0.7781
[Epoch 16] Val Loss: 0.4878 Val Acc: 0.7471 Val Bal Acc: 0.7471
---------------------------------------------------
No improvement in val loss. Counter: 2
[Epoch 17] Train Loss: 0.4715 Train Acc: 0.7795 Train Bal Acc: 0.7795
[Epoch 17] Val Loss: 0.4843 Val Acc: 0.7701 Val Bal Acc: 0.7701
---------------------------------------------------
New best model found (Val Balanced Acc: 0.7701)
No improvement in val loss. Counter: 3
[Epoch 18] Train Loss: 0.4611 Train Acc: 0.7925 Train Bal Acc: 0.7925
[Epoch 18] Val Loss: 0.4775 Val Acc: 0.7529 Val Bal Acc: 0.7529
---------------------------------------------------
Validation loss improved to 0.4775
[Epoch 19] Train Loss: 0.4514 Train Acc: 0.7795 Train Bal Acc: 0.7795
[Epoch 19] Val Loss: 0.4733 Val Acc: 0.7471 Val Bal Acc: 0.7471
---------------------------------------------------
Validation loss improved to 0.4733
[Epoch 20] Train Loss: 0.4414 Train Acc: 0.7939 Train Bal Acc: 0.7939
[Epoch 20] Val Loss: 0.4756 Val Acc: 0.7644 Val Bal Acc: 0.7644
---------------------------------------------------
No improvement in val loss. Counter: 1
[Epoch 21] Train Loss: 0.4414 Train Acc: 0.8026 Train Bal Acc: 0.8026
[Epoch 21] Val Loss: 0.4717 Val Acc: 0.7644 Val Bal Acc: 0.7644
---------------------------------------------------
Validation loss improved to 0.4717
[Epoch 22] Train Loss: 0.4033 Train Acc: 0.8127 Train Bal Acc: 0.8127
[Epoch 22] Val Loss: 0.4724 Val Acc: 0.7586 Val Bal Acc: 0.7586
---------------------------------------------------
No improvement in val loss. Counter: 1
[Epoch 23] Train Loss: 0.4112 Train Acc: 0.8098 Train Bal Acc: 0.8098
[Epoch 23] Val Loss: 0.4672 Val Acc: 0.7471 Val Bal Acc: 0.7471
---------------------------------------------------
Validation loss improved to 0.4672
[Epoch 24] Train Loss: 0.4134 Train Acc: 0.8213 Train Bal Acc: 0.8213
[Epoch 24] Val Loss: 0.4690 Val Acc: 0.7529 Val Bal Acc: 0.7529
---------------------------------------------------
No improvement in val loss. Counter: 1
[Epoch 25] Train Loss: 0.4379 Train Acc: 0.8112 Train Bal Acc: 0.8112
[Epoch 25] Val Loss: 0.4871 Val Acc: 0.7586 Val Bal Acc: 0.7586
---------------------------------------------------
No improvement in val loss. Counter: 2
[Epoch 26] Train Loss: 0.4116 Train Acc: 0.8184 Train Bal Acc: 0.8184
[Epoch 26] Val Loss: 0.4741 Val Acc: 0.7586 Val Bal Acc: 0.7586
---------------------------------------------------
No improvement in val loss. Counter: 3
[Epoch 27] Train Loss: 0.3971 Train Acc: 0.8256 Train Bal Acc: 0.8256
[Epoch 27] Val Loss: 0.4869 Val Acc: 0.7299 Val Bal Acc: 0.7299
---------------------------------------------------
No improvement in val loss. Counter: 4
[Epoch 28] Train Loss: 0.3924 Train Acc: 0.8285 Train Bal Acc: 0.8285
[Epoch 28] Val Loss: 0.4754 Val Acc: 0.7586 Val Bal Acc: 0.7586
---------------------------------------------------
No improvement in val loss. Counter: 5
[Epoch 29] Train Loss: 0.4234 Train Acc: 0.7939 Train Bal Acc: 0.7939
[Epoch 29] Val Loss: 0.4752 Val Acc: 0.7586 Val Bal Acc: 0.7586
---------------------------------------------------
No improvement in val loss. Counter: 6
[Epoch 30] Train Loss: 0.3885 Train Acc: 0.8228 Train Bal Acc: 0.8228
[Epoch 30] Val Loss: 0.4774 Val Acc: 0.7414 Val Bal Acc: 0.7414
---------------------------------------------------
No improvement in val loss. Counter: 7
[Epoch 31] Train Loss: 0.3758 Train Acc: 0.8242 Train Bal Acc: 0.8242
[Epoch 31] Val Loss: 0.4733 Val Acc: 0.7529 Val Bal Acc: 0.7529
---------------------------------------------------
No improvement in val loss. Counter: 8
[Epoch 32] Train Loss: 0.3713 Train Acc: 0.8343 Train Bal Acc: 0.8343
[Epoch 32] Val Loss: 0.4744 Val Acc: 0.7471 Val Bal Acc: 0.7471
---------------------------------------------------
No improvement in val loss. Counter: 9
[Epoch 33] Train Loss: 0.3505 Train Acc: 0.8357 Train Bal Acc: 0.8357
[Epoch 33] Val Loss: 0.4884 Val Acc: 0.7471 Val Bal Acc: 0.7471
---------------------------------------------------
No improvement in val loss. Counter: 10
Early stopping triggered at epoch 33
Saved best model checkpoint at Results/final_summary/densenet121/checkpoints/fold_1/model_fold_1_best.pth
Training Fold 2 for model densenet121...
Starting training on Fold 2 for model densenet121...
[Epoch 1] Train Loss: 0.6505 Train Acc: 0.6340 Train Bal Acc: 0.6340
[Epoch 1] Val Loss: 0.6530 Val Acc: 0.5805 Val Bal Acc: 0.5805
---------------------------------------------------
New best model found (Val Balanced Acc: 0.5805)
[Epoch 2] Train Loss: 0.6068 Train Acc: 0.6888 Train Bal Acc: 0.6888
[Epoch 2] Val Loss: 0.5871 Val Acc: 0.7011 Val Bal Acc: 0.7011
---------------------------------------------------
New best model found (Val Balanced Acc: 0.7011)
Validation loss improved to 0.5871
[Epoch 3] Train Loss: 0.5773 Train Acc: 0.7147 Train Bal Acc: 0.7147
[Epoch 3] Val Loss: 0.5544 Val Acc: 0.7356 Val Bal Acc: 0.7356
---------------------------------------------------
New best model found (Val Balanced Acc: 0.7356)
Validation loss improved to 0.5544
[Epoch 4] Train Loss: 0.5753 Train Acc: 0.7003 Train Bal Acc: 0.7003
[Epoch 4] Val Loss: 0.5099 Val Acc: 0.7701 Val Bal Acc: 0.7701
---------------------------------------------------
New best model found (Val Balanced Acc: 0.7701)
Validation loss improved to 0.5099
[Epoch 5] Train Loss: 0.5397 Train Acc: 0.7233 Train Bal Acc: 0.7233
[Epoch 5] Val Loss: 0.4821 Val Acc: 0.7874 Val Bal Acc: 0.7874
---------------------------------------------------
New best model found (Val Balanced Acc: 0.7874)
Validation loss improved to 0.4821
[Epoch 6] Train Loss: 0.5297 Train Acc: 0.7349 Train Bal Acc: 0.7349
[Epoch 6] Val Loss: 0.4804 Val Acc: 0.7874 Val Bal Acc: 0.7874
---------------------------------------------------
Validation loss improved to 0.4804
[Epoch 7] Train Loss: 0.5488 Train Acc: 0.7147 Train Bal Acc: 0.7147
[Epoch 7] Val Loss: 0.4839 Val Acc: 0.7816 Val Bal Acc: 0.7816
---------------------------------------------------
No improvement in val loss. Counter: 1
[Epoch 8] Train Loss: 0.5037 Train Acc: 0.7478 Train Bal Acc: 0.7478
[Epoch 8] Val Loss: 0.4474 Val Acc: 0.8161 Val Bal Acc: 0.8161
---------------------------------------------------
New best model found (Val Balanced Acc: 0.8161)
Validation loss improved to 0.4474
[Epoch 9] Train Loss: 0.5123 Train Acc: 0.7579 Train Bal Acc: 0.7579
[Epoch 9] Val Loss: 0.4365 Val Acc: 0.7989 Val Bal Acc: 0.7989
---------------------------------------------------
Validation loss improved to 0.4365
[Epoch 10] Train Loss: 0.4967 Train Acc: 0.7450 Train Bal Acc: 0.7450
[Epoch 10] Val Loss: 0.4290 Val Acc: 0.8046 Val Bal Acc: 0.8046
---------------------------------------------------
Validation loss improved to 0.4290
[Epoch 11] Train Loss: 0.4716 Train Acc: 0.7867 Train Bal Acc: 0.7867
[Epoch 11] Val Loss: 0.4123 Val Acc: 0.8103 Val Bal Acc: 0.8103
---------------------------------------------------
Validation loss improved to 0.4123
[Epoch 12] Train Loss: 0.4845 Train Acc: 0.7752 Train Bal Acc: 0.7752
[Epoch 12] Val Loss: 0.4047 Val Acc: 0.8046 Val Bal Acc: 0.8046
---------------------------------------------------
Validation loss improved to 0.4047
[Epoch 13] Train Loss: 0.4814 Train Acc: 0.7579 Train Bal Acc: 0.7579
[Epoch 13] Val Loss: 0.4084 Val Acc: 0.8161 Val Bal Acc: 0.8161
---------------------------------------------------
No improvement in val loss. Counter: 1
[Epoch 14] Train Loss: 0.4863 Train Acc: 0.7680 Train Bal Acc: 0.7680
[Epoch 14] Val Loss: 0.4050 Val Acc: 0.8218 Val Bal Acc: 0.8218
---------------------------------------------------
New best model found (Val Balanced Acc: 0.8218)
No improvement in val loss. Counter: 2
[Epoch 15] Train Loss: 0.4807 Train Acc: 0.7752 Train Bal Acc: 0.7752
[Epoch 15] Val Loss: 0.4082 Val Acc: 0.8161 Val Bal Acc: 0.8161
---------------------------------------------------
No improvement in val loss. Counter: 3
[Epoch 16] Train Loss: 0.4614 Train Acc: 0.7723 Train Bal Acc: 0.7723
[Epoch 16] Val Loss: 0.4065 Val Acc: 0.8103 Val Bal Acc: 0.8103
---------------------------------------------------
No improvement in val loss. Counter: 4
[Epoch 17] Train Loss: 0.4514 Train Acc: 0.7896 Train Bal Acc: 0.7896
[Epoch 17] Val Loss: 0.4161 Val Acc: 0.7989 Val Bal Acc: 0.7989
---------------------------------------------------
No improvement in val loss. Counter: 5
[Epoch 18] Train Loss: 0.4780 Train Acc: 0.7767 Train Bal Acc: 0.7767
[Epoch 18] Val Loss: 0.4175 Val Acc: 0.8161 Val Bal Acc: 0.8161
---------------------------------------------------
No improvement in val loss. Counter: 6
[Epoch 19] Train Loss: 0.4676 Train Acc: 0.7911 Train Bal Acc: 0.7911
[Epoch 19] Val Loss: 0.4118 Val Acc: 0.8218 Val Bal Acc: 0.8218
---------------------------------------------------
No improvement in val loss. Counter: 7
[Epoch 20] Train Loss: 0.4513 Train Acc: 0.7939 Train Bal Acc: 0.7939
[Epoch 20] Val Loss: 0.4052 Val Acc: 0.8046 Val Bal Acc: 0.8046
---------------------------------------------------
No improvement in val loss. Counter: 8
[Epoch 21] Train Loss: 0.4672 Train Acc: 0.7795 Train Bal Acc: 0.7795
[Epoch 21] Val Loss: 0.4106 Val Acc: 0.8161 Val Bal Acc: 0.8161
---------------------------------------------------
No improvement in val loss. Counter: 9
[Epoch 22] Train Loss: 0.4492 Train Acc: 0.7867 Train Bal Acc: 0.7867
[Epoch 22] Val Loss: 0.4112 Val Acc: 0.8161 Val Bal Acc: 0.8161
---------------------------------------------------
No improvement in val loss. Counter: 10
Early stopping triggered at epoch 22
Saved best model checkpoint at Results/final_summary/densenet121/checkpoints/fold_2/model_fold_2_best.pth
Training Fold 3 for model densenet121...
Starting training on Fold 3 for model densenet121...
[Epoch 1] Train Loss: 0.7038 Train Acc: 0.5259 Train Bal Acc: 0.5259
[Epoch 1] Val Loss: 0.6536 Val Acc: 0.6149 Val Bal Acc: 0.6149
---------------------------------------------------
New best model found (Val Balanced Acc: 0.6149)
[Epoch 2] Train Loss: 0.6279 Train Acc: 0.6412 Train Bal Acc: 0.6412
[Epoch 2] Val Loss: 0.6252 Val Acc: 0.6897 Val Bal Acc: 0.6897
---------------------------------------------------
New best model found (Val Balanced Acc: 0.6897)
Validation loss improved to 0.6252
[Epoch 3] Train Loss: 0.5748 Train Acc: 0.7089 Train Bal Acc: 0.7089
[Epoch 3] Val Loss: 0.6095 Val Acc: 0.6954 Val Bal Acc: 0.6954
---------------------------------------------------
New best model found (Val Balanced Acc: 0.6954)
Validation loss improved to 0.6095
[Epoch 4] Train Loss: 0.5610 Train Acc: 0.7003 Train Bal Acc: 0.7003
[Epoch 4] Val Loss: 0.5848 Val Acc: 0.7184 Val Bal Acc: 0.7184
---------------------------------------------------
New best model found (Val Balanced Acc: 0.7184)
Validation loss improved to 0.5848
[Epoch 5] Train Loss: 0.5278 Train Acc: 0.7421 Train Bal Acc: 0.7421
[Epoch 5] Val Loss: 0.5661 Val Acc: 0.7184 Val Bal Acc: 0.7184
---------------------------------------------------
Validation loss improved to 0.5661
[Epoch 6] Train Loss: 0.5069 Train Acc: 0.7565 Train Bal Acc: 0.7565
[Epoch 6] Val Loss: 0.5684 Val Acc: 0.7241 Val Bal Acc: 0.7241
---------------------------------------------------
New best model found (Val Balanced Acc: 0.7241)
No improvement in val loss. Counter: 1
[Epoch 7] Train Loss: 0.5094 Train Acc: 0.7594 Train Bal Acc: 0.7594
[Epoch 7] Val Loss: 0.5651 Val Acc: 0.7414 Val Bal Acc: 0.7414
---------------------------------------------------
New best model found (Val Balanced Acc: 0.7414)
Validation loss improved to 0.5651
[Epoch 8] Train Loss: 0.4839 Train Acc: 0.7709 Train Bal Acc: 0.7709
[Epoch 8] Val Loss: 0.5440 Val Acc: 0.7471 Val Bal Acc: 0.7471
---------------------------------------------------
New best model found (Val Balanced Acc: 0.7471)
Validation loss improved to 0.5440
[Epoch 9] Train Loss: 0.4732 Train Acc: 0.7709 Train Bal Acc: 0.7709
[Epoch 9] Val Loss: 0.5410 Val Acc: 0.7529 Val Bal Acc: 0.7529
---------------------------------------------------
New best model found (Val Balanced Acc: 0.7529)
Validation loss improved to 0.5410
[Epoch 10] Train Loss: 0.4693 Train Acc: 0.7824 Train Bal Acc: 0.7824
[Epoch 10] Val Loss: 0.5358 Val Acc: 0.7586 Val Bal Acc: 0.7586
---------------------------------------------------
New best model found (Val Balanced Acc: 0.7586)
Validation loss improved to 0.5358
[Epoch 11] Train Loss: 0.4881 Train Acc: 0.7666 Train Bal Acc: 0.7666
[Epoch 11] Val Loss: 0.5235 Val Acc: 0.7701 Val Bal Acc: 0.7701
---------------------------------------------------
New best model found (Val Balanced Acc: 0.7701)
Validation loss improved to 0.5235
[Epoch 12] Train Loss: 0.4429 Train Acc: 0.7911 Train Bal Acc: 0.7911
[Epoch 12] Val Loss: 0.5342 Val Acc: 0.7414 Val Bal Acc: 0.7414
---------------------------------------------------
No improvement in val loss. Counter: 1
[Epoch 13] Train Loss: 0.4607 Train Acc: 0.7896 Train Bal Acc: 0.7896
[Epoch 13] Val Loss: 0.5282 Val Acc: 0.7701 Val Bal Acc: 0.7701
---------------------------------------------------
No improvement in val loss. Counter: 2
[Epoch 14] Train Loss: 0.4842 Train Acc: 0.7781 Train Bal Acc: 0.7781
[Epoch 14] Val Loss: 0.5249 Val Acc: 0.7529 Val Bal Acc: 0.7529
---------------------------------------------------
No improvement in val loss. Counter: 3
[Epoch 15] Train Loss: 0.4604 Train Acc: 0.7824 Train Bal Acc: 0.7824
[Epoch 15] Val Loss: 0.5232 Val Acc: 0.7586 Val Bal Acc: 0.7586
---------------------------------------------------
Validation loss improved to 0.5232
[Epoch 16] Train Loss: 0.4508 Train Acc: 0.7939 Train Bal Acc: 0.7939
[Epoch 16] Val Loss: 0.5131 Val Acc: 0.7759 Val Bal Acc: 0.7759
---------------------------------------------------
New best model found (Val Balanced Acc: 0.7759)
Validation loss improved to 0.5131
[Epoch 17] Train Loss: 0.4508 Train Acc: 0.8069 Train Bal Acc: 0.8069
[Epoch 17] Val Loss: 0.5112 Val Acc: 0.7759 Val Bal Acc: 0.7759
---------------------------------------------------
Validation loss improved to 0.5112
[Epoch 18] Train Loss: 0.4308 Train Acc: 0.7896 Train Bal Acc: 0.7896
[Epoch 18] Val Loss: 0.5135 Val Acc: 0.7816 Val Bal Acc: 0.7816
---------------------------------------------------
New best model found (Val Balanced Acc: 0.7816)
No improvement in val loss. Counter: 1
[Epoch 19] Train Loss: 0.4343 Train Acc: 0.8141 Train Bal Acc: 0.8141
[Epoch 19] Val Loss: 0.5059 Val Acc: 0.7414 Val Bal Acc: 0.7414
---------------------------------------------------
Validation loss improved to 0.5059
[Epoch 20] Train Loss: 0.4373 Train Acc: 0.8012 Train Bal Acc: 0.8012
[Epoch 20] Val Loss: 0.5111 Val Acc: 0.7644 Val Bal Acc: 0.7644
---------------------------------------------------
No improvement in val loss. Counter: 1
[Epoch 21] Train Loss: 0.4093 Train Acc: 0.8026 Train Bal Acc: 0.8026
[Epoch 21] Val Loss: 0.5056 Val Acc: 0.7759 Val Bal Acc: 0.7759
---------------------------------------------------
Validation loss improved to 0.5056
[Epoch 22] Train Loss: 0.4318 Train Acc: 0.7925 Train Bal Acc: 0.7925
[Epoch 22] Val Loss: 0.4936 Val Acc: 0.7816 Val Bal Acc: 0.7816
---------------------------------------------------
Validation loss improved to 0.4936
[Epoch 23] Train Loss: 0.4031 Train Acc: 0.8098 Train Bal Acc: 0.8098
[Epoch 23] Val Loss: 0.4923 Val Acc: 0.7874 Val Bal Acc: 0.7874
---------------------------------------------------
New best model found (Val Balanced Acc: 0.7874)
Validation loss improved to 0.4923
[Epoch 24] Train Loss: 0.3943 Train Acc: 0.8213 Train Bal Acc: 0.8213
[Epoch 24] Val Loss: 0.4834 Val Acc: 0.8046 Val Bal Acc: 0.8046
---------------------------------------------------
New best model found (Val Balanced Acc: 0.8046)
Validation loss improved to 0.4834
[Epoch 25] Train Loss: 0.3871 Train Acc: 0.8213 Train Bal Acc: 0.8213
[Epoch 25] Val Loss: 0.4832 Val Acc: 0.7874 Val Bal Acc: 0.7874
---------------------------------------------------
Validation loss improved to 0.4832
[Epoch 26] Train Loss: 0.4082 Train Acc: 0.8112 Train Bal Acc: 0.8112
[Epoch 26] Val Loss: 0.4881 Val Acc: 0.7874 Val Bal Acc: 0.7874
---------------------------------------------------
No improvement in val loss. Counter: 1
[Epoch 27] Train Loss: 0.4019 Train Acc: 0.8084 Train Bal Acc: 0.8084
[Epoch 27] Val Loss: 0.4948 Val Acc: 0.7874 Val Bal Acc: 0.7874
---------------------------------------------------
No improvement in val loss. Counter: 2
[Epoch 28] Train Loss: 0.3915 Train Acc: 0.8256 Train Bal Acc: 0.8256
[Epoch 28] Val Loss: 0.4916 Val Acc: 0.7759 Val Bal Acc: 0.7759
---------------------------------------------------
No improvement in val loss. Counter: 3
[Epoch 29] Train Loss: 0.4070 Train Acc: 0.8156 Train Bal Acc: 0.8156
[Epoch 29] Val Loss: 0.5033 Val Acc: 0.7644 Val Bal Acc: 0.7644
---------------------------------------------------
No improvement in val loss. Counter: 4
[Epoch 30] Train Loss: 0.3925 Train Acc: 0.8199 Train Bal Acc: 0.8199
[Epoch 30] Val Loss: 0.4958 Val Acc: 0.7759 Val Bal Acc: 0.7759
---------------------------------------------------
No improvement in val loss. Counter: 5
[Epoch 31] Train Loss: 0.4028 Train Acc: 0.8242 Train Bal Acc: 0.8242
[Epoch 31] Val Loss: 0.4888 Val Acc: 0.7816 Val Bal Acc: 0.7816
---------------------------------------------------
No improvement in val loss. Counter: 6
[Epoch 32] Train Loss: 0.3803 Train Acc: 0.8112 Train Bal Acc: 0.8112
[Epoch 32] Val Loss: 0.4870 Val Acc: 0.7759 Val Bal Acc: 0.7759
---------------------------------------------------
No improvement in val loss. Counter: 7
[Epoch 33] Train Loss: 0.3761 Train Acc: 0.8141 Train Bal Acc: 0.8141
[Epoch 33] Val Loss: 0.4868 Val Acc: 0.7874 Val Bal Acc: 0.7874
---------------------------------------------------
No improvement in val loss. Counter: 8
[Epoch 34] Train Loss: 0.3499 Train Acc: 0.8530 Train Bal Acc: 0.8530
[Epoch 34] Val Loss: 0.5001 Val Acc: 0.7759 Val Bal Acc: 0.7759
---------------------------------------------------
No improvement in val loss. Counter: 9
[Epoch 35] Train Loss: 0.3603 Train Acc: 0.8285 Train Bal Acc: 0.8285
[Epoch 35] Val Loss: 0.4817 Val Acc: 0.7874 Val Bal Acc: 0.7874
---------------------------------------------------
Validation loss improved to 0.4817
[Epoch 36] Train Loss: 0.3808 Train Acc: 0.8170 Train Bal Acc: 0.8170
[Epoch 36] Val Loss: 0.4944 Val Acc: 0.7644 Val Bal Acc: 0.7644
---------------------------------------------------
No improvement in val loss. Counter: 1
[Epoch 37] Train Loss: 0.3338 Train Acc: 0.8588 Train Bal Acc: 0.8588
[Epoch 37] Val Loss: 0.4808 Val Acc: 0.7701 Val Bal Acc: 0.7701
---------------------------------------------------
Validation loss improved to 0.4808
[Epoch 38] Train Loss: 0.3416 Train Acc: 0.8501 Train Bal Acc: 0.8501
[Epoch 38] Val Loss: 0.4753 Val Acc: 0.7759 Val Bal Acc: 0.7759
---------------------------------------------------
Validation loss improved to 0.4753
[Epoch 39] Train Loss: 0.3644 Train Acc: 0.8184 Train Bal Acc: 0.8184
[Epoch 39] Val Loss: 0.4895 Val Acc: 0.7701 Val Bal Acc: 0.7701
---------------------------------------------------
No improvement in val loss. Counter: 1
[Epoch 40] Train Loss: 0.3290 Train Acc: 0.8545 Train Bal Acc: 0.8545
[Epoch 40] Val Loss: 0.4851 Val Acc: 0.7701 Val Bal Acc: 0.7701
---------------------------------------------------
No improvement in val loss. Counter: 2
[Epoch 41] Train Loss: 0.3563 Train Acc: 0.8487 Train Bal Acc: 0.8487
[Epoch 41] Val Loss: 0.5006 Val Acc: 0.7644 Val Bal Acc: 0.7644
---------------------------------------------------
No improvement in val loss. Counter: 3
[Epoch 42] Train Loss: 0.3460 Train Acc: 0.8530 Train Bal Acc: 0.8530
[Epoch 42] Val Loss: 0.4904 Val Acc: 0.7644 Val Bal Acc: 0.7644
---------------------------------------------------
No improvement in val loss. Counter: 4
[Epoch 43] Train Loss: 0.3339 Train Acc: 0.8429 Train Bal Acc: 0.8429
[Epoch 43] Val Loss: 0.5150 Val Acc: 0.7529 Val Bal Acc: 0.7529
---------------------------------------------------
No improvement in val loss. Counter: 5
[Epoch 44] Train Loss: 0.3442 Train Acc: 0.8386 Train Bal Acc: 0.8386
[Epoch 44] Val Loss: 0.5181 Val Acc: 0.7586 Val Bal Acc: 0.7586
---------------------------------------------------
No improvement in val loss. Counter: 6
[Epoch 45] Train Loss: 0.3061 Train Acc: 0.8790 Train Bal Acc: 0.8790
[Epoch 45] Val Loss: 0.4984 Val Acc: 0.7471 Val Bal Acc: 0.7471
---------------------------------------------------
No improvement in val loss. Counter: 7
[Epoch 46] Train Loss: 0.3389 Train Acc: 0.8530 Train Bal Acc: 0.8530
[Epoch 46] Val Loss: 0.5026 Val Acc: 0.7701 Val Bal Acc: 0.7701
---------------------------------------------------
No improvement in val loss. Counter: 8
[Epoch 47] Train Loss: 0.3724 Train Acc: 0.8429 Train Bal Acc: 0.8429
[Epoch 47] Val Loss: 0.4873 Val Acc: 0.7644 Val Bal Acc: 0.7644
---------------------------------------------------
No improvement in val loss. Counter: 9
[Epoch 48] Train Loss: 0.3455 Train Acc: 0.8314 Train Bal Acc: 0.8314
[Epoch 48] Val Loss: 0.4817 Val Acc: 0.7471 Val Bal Acc: 0.7471
---------------------------------------------------
No improvement in val loss. Counter: 10
Early stopping triggered at epoch 48
Saved best model checkpoint at Results/final_summary/densenet121/checkpoints/fold_3/model_fold_3_best.pth
Training Fold 4 for model densenet121...
Starting training on Fold 4 for model densenet121...
[Epoch 1] Train Loss: 0.7848 Train Acc: 0.5122 Train Bal Acc: 0.5115
[Epoch 1] Val Loss: 0.7430 Val Acc: 0.5318 Val Bal Acc: 0.5345
---------------------------------------------------
New best model found (Val Balanced Acc: 0.5345)
[Epoch 2] Train Loss: 0.6511 Train Acc: 0.6115 Train Bal Acc: 0.6110
[Epoch 2] Val Loss: 0.6871 Val Acc: 0.5896 Val Bal Acc: 0.5919
---------------------------------------------------
New best model found (Val Balanced Acc: 0.5919)
Validation loss improved to 0.6871
[Epoch 3] Train Loss: 0.5788 Train Acc: 0.6964 Train Bal Acc: 0.6962
[Epoch 3] Val Loss: 0.6140 Val Acc: 0.7052 Val Bal Acc: 0.7064
---------------------------------------------------
New best model found (Val Balanced Acc: 0.7064)
Validation loss improved to 0.6140
[Epoch 4] Train Loss: 0.5792 Train Acc: 0.7137 Train Bal Acc: 0.7136
[Epoch 4] Val Loss: 0.5866 Val Acc: 0.7052 Val Bal Acc: 0.7062
---------------------------------------------------
Validation loss improved to 0.5866
[Epoch 5] Train Loss: 0.5566 Train Acc: 0.7065 Train Bal Acc: 0.7065
[Epoch 5] Val Loss: 0.5561 Val Acc: 0.7341 Val Bal Acc: 0.7348
---------------------------------------------------
New best model found (Val Balanced Acc: 0.7348)
Validation loss improved to 0.5561
[Epoch 6] Train Loss: 0.5227 Train Acc: 0.7338 Train Bal Acc: 0.7338
[Epoch 6] Val Loss: 0.5441 Val Acc: 0.7630 Val Bal Acc: 0.7635
---------------------------------------------------
New best model found (Val Balanced Acc: 0.7635)
Validation loss improved to 0.5441
[Epoch 7] Train Loss: 0.5302 Train Acc: 0.7266 Train Bal Acc: 0.7266
[Epoch 7] Val Loss: 0.5502 Val Acc: 0.7514 Val Bal Acc: 0.7521
---------------------------------------------------
No improvement in val loss. Counter: 1
[Epoch 8] Train Loss: 0.5067 Train Acc: 0.7468 Train Bal Acc: 0.7467
[Epoch 8] Val Loss: 0.5425 Val Acc: 0.7630 Val Bal Acc: 0.7636
---------------------------------------------------
New best model found (Val Balanced Acc: 0.7636)
Validation loss improved to 0.5425
[Epoch 9] Train Loss: 0.4842 Train Acc: 0.7655 Train Bal Acc: 0.7655
[Epoch 9] Val Loss: 0.5256 Val Acc: 0.7746 Val Bal Acc: 0.7749
---------------------------------------------------
New best model found (Val Balanced Acc: 0.7749)
Validation loss improved to 0.5256
[Epoch 10] Train Loss: 0.4774 Train Acc: 0.7712 Train Bal Acc: 0.7712
[Epoch 10] Val Loss: 0.5326 Val Acc: 0.7746 Val Bal Acc: 0.7749
---------------------------------------------------
New best model found (Val Balanced Acc: 0.7749)
No improvement in val loss. Counter: 1
[Epoch 11] Train Loss: 0.4726 Train Acc: 0.7741 Train Bal Acc: 0.7741
[Epoch 11] Val Loss: 0.5227 Val Acc: 0.7919 Val Bal Acc: 0.7921
---------------------------------------------------
New best model found (Val Balanced Acc: 0.7921)
Validation loss improved to 0.5227
[Epoch 12] Train Loss: 0.4589 Train Acc: 0.7712 Train Bal Acc: 0.7712
[Epoch 12] Val Loss: 0.5212 Val Acc: 0.7977 Val Bal Acc: 0.7979
---------------------------------------------------
New best model found (Val Balanced Acc: 0.7979)
Validation loss improved to 0.5212
[Epoch 13] Train Loss: 0.4584 Train Acc: 0.7856 Train Bal Acc: 0.7856
[Epoch 13] Val Loss: 0.5325 Val Acc: 0.7746 Val Bal Acc: 0.7740
---------------------------------------------------
No improvement in val loss. Counter: 1
[Epoch 14] Train Loss: 0.4683 Train Acc: 0.7770 Train Bal Acc: 0.7770
[Epoch 14] Val Loss: 0.5273 Val Acc: 0.8092 Val Bal Acc: 0.8092
---------------------------------------------------
New best model found (Val Balanced Acc: 0.8092)
No improvement in val loss. Counter: 2
[Epoch 15] Train Loss: 0.4553 Train Acc: 0.7971 Train Bal Acc: 0.7971
[Epoch 15] Val Loss: 0.5206 Val Acc: 0.8150 Val Bal Acc: 0.8150
---------------------------------------------------
New best model found (Val Balanced Acc: 0.8150)
Validation loss improved to 0.5206
[Epoch 16] Train Loss: 0.4517 Train Acc: 0.7942 Train Bal Acc: 0.7942
[Epoch 16] Val Loss: 0.5148 Val Acc: 0.8035 Val Bal Acc: 0.8034
---------------------------------------------------
Validation loss improved to 0.5148
[Epoch 17] Train Loss: 0.4339 Train Acc: 0.7986 Train Bal Acc: 0.7985
[Epoch 17] Val Loss: 0.5140 Val Acc: 0.8035 Val Bal Acc: 0.8033
---------------------------------------------------
Validation loss improved to 0.5140
[Epoch 18] Train Loss: 0.4244 Train Acc: 0.8086 Train Bal Acc: 0.8086
[Epoch 18] Val Loss: 0.5306 Val Acc: 0.7630 Val Bal Acc: 0.7627
---------------------------------------------------
No improvement in val loss. Counter: 1
[Epoch 19] Train Loss: 0.4446 Train Acc: 0.7856 Train Bal Acc: 0.7856
[Epoch 19] Val Loss: 0.5179 Val Acc: 0.7861 Val Bal Acc: 0.7860
---------------------------------------------------
No improvement in val loss. Counter: 2
[Epoch 20] Train Loss: 0.4205 Train Acc: 0.7986 Train Bal Acc: 0.7985
[Epoch 20] Val Loss: 0.5143 Val Acc: 0.7977 Val Bal Acc: 0.7976
---------------------------------------------------
No improvement in val loss. Counter: 3
[Epoch 21] Train Loss: 0.4315 Train Acc: 0.8043 Train Bal Acc: 0.8043
[Epoch 21] Val Loss: 0.5120 Val Acc: 0.7919 Val Bal Acc: 0.7916
---------------------------------------------------
Validation loss improved to 0.5120
[Epoch 22] Train Loss: 0.4297 Train Acc: 0.7871 Train Bal Acc: 0.7870
[Epoch 22] Val Loss: 0.5123 Val Acc: 0.7977 Val Bal Acc: 0.7974
---------------------------------------------------
No improvement in val loss. Counter: 1
[Epoch 23] Train Loss: 0.4143 Train Acc: 0.8014 Train Bal Acc: 0.8014
[Epoch 23] Val Loss: 0.5120 Val Acc: 0.7977 Val Bal Acc: 0.7976
---------------------------------------------------
Validation loss improved to 0.5120
[Epoch 24] Train Loss: 0.4095 Train Acc: 0.8187 Train Bal Acc: 0.8187
[Epoch 24] Val Loss: 0.5007 Val Acc: 0.7919 Val Bal Acc: 0.7920
---------------------------------------------------
Validation loss improved to 0.5007
[Epoch 25] Train Loss: 0.3886 Train Acc: 0.8259 Train Bal Acc: 0.8259
[Epoch 25] Val Loss: 0.4978 Val Acc: 0.7919 Val Bal Acc: 0.7920
---------------------------------------------------
Validation loss improved to 0.4978
[Epoch 26] Train Loss: 0.4028 Train Acc: 0.8187 Train Bal Acc: 0.8187
[Epoch 26] Val Loss: 0.4937 Val Acc: 0.8150 Val Bal Acc: 0.8150
---------------------------------------------------
Validation loss improved to 0.4937
[Epoch 27] Train Loss: 0.4193 Train Acc: 0.8043 Train Bal Acc: 0.8043
[Epoch 27] Val Loss: 0.4934 Val Acc: 0.7977 Val Bal Acc: 0.7978
---------------------------------------------------
Validation loss improved to 0.4934
[Epoch 28] Train Loss: 0.3924 Train Acc: 0.8288 Train Bal Acc: 0.8288
[Epoch 28] Val Loss: 0.5025 Val Acc: 0.8035 Val Bal Acc: 0.8033
---------------------------------------------------
No improvement in val loss. Counter: 1
[Epoch 29] Train Loss: 0.4148 Train Acc: 0.7942 Train Bal Acc: 0.7942
[Epoch 29] Val Loss: 0.5015 Val Acc: 0.7977 Val Bal Acc: 0.7974
---------------------------------------------------
No improvement in val loss. Counter: 2
[Epoch 30] Train Loss: 0.3996 Train Acc: 0.8158 Train Bal Acc: 0.8158
[Epoch 30] Val Loss: 0.4950 Val Acc: 0.8035 Val Bal Acc: 0.8035
---------------------------------------------------
No improvement in val loss. Counter: 3
[Epoch 31] Train Loss: 0.3735 Train Acc: 0.8302 Train Bal Acc: 0.8302
[Epoch 31] Val Loss: 0.4900 Val Acc: 0.7977 Val Bal Acc: 0.7974
---------------------------------------------------
Validation loss improved to 0.4900
[Epoch 32] Train Loss: 0.3791 Train Acc: 0.8288 Train Bal Acc: 0.8287
[Epoch 32] Val Loss: 0.5035 Val Acc: 0.7803 Val Bal Acc: 0.7801
---------------------------------------------------
No improvement in val loss. Counter: 1
[Epoch 33] Train Loss: 0.3684 Train Acc: 0.8288 Train Bal Acc: 0.8288
[Epoch 33] Val Loss: 0.4973 Val Acc: 0.7977 Val Bal Acc: 0.7975
---------------------------------------------------
No improvement in val loss. Counter: 2
[Epoch 34] Train Loss: 0.3758 Train Acc: 0.8475 Train Bal Acc: 0.8475
[Epoch 34] Val Loss: 0.4989 Val Acc: 0.7861 Val Bal Acc: 0.7863
---------------------------------------------------
No improvement in val loss. Counter: 3
[Epoch 35] Train Loss: 0.3498 Train Acc: 0.8360 Train Bal Acc: 0.8359
[Epoch 35] Val Loss: 0.5041 Val Acc: 0.7746 Val Bal Acc: 0.7745
---------------------------------------------------
No improvement in val loss. Counter: 4
[Epoch 36] Train Loss: 0.3678 Train Acc: 0.8345 Train Bal Acc: 0.8345
[Epoch 36] Val Loss: 0.5079 Val Acc: 0.7803 Val Bal Acc: 0.7803
---------------------------------------------------
No improvement in val loss. Counter: 5
[Epoch 37] Train Loss: 0.3655 Train Acc: 0.8403 Train Bal Acc: 0.8403
[Epoch 37] Val Loss: 0.5004 Val Acc: 0.7803 Val Bal Acc: 0.7805
---------------------------------------------------
No improvement in val loss. Counter: 6
[Epoch 38] Train Loss: 0.3615 Train Acc: 0.8388 Train Bal Acc: 0.8388
[Epoch 38] Val Loss: 0.5118 Val Acc: 0.7861 Val Bal Acc: 0.7864
---------------------------------------------------
No improvement in val loss. Counter: 7
[Epoch 39] Train Loss: 0.3644 Train Acc: 0.8317 Train Bal Acc: 0.8317
[Epoch 39] Val Loss: 0.5021 Val Acc: 0.7919 Val Bal Acc: 0.7920
---------------------------------------------------
No improvement in val loss. Counter: 8
[Epoch 40] Train Loss: 0.3421 Train Acc: 0.8489 Train Bal Acc: 0.8489
[Epoch 40] Val Loss: 0.5086 Val Acc: 0.7803 Val Bal Acc: 0.7805
---------------------------------------------------
No improvement in val loss. Counter: 9
[Epoch 41] Train Loss: 0.3798 Train Acc: 0.8273 Train Bal Acc: 0.8273
[Epoch 41] Val Loss: 0.5040 Val Acc: 0.7919 Val Bal Acc: 0.7920
---------------------------------------------------
No improvement in val loss. Counter: 10
Early stopping triggered at epoch 41
Saved best model checkpoint at Results/final_summary/densenet121/checkpoints/fold_4/model_fold_4_best.pth
Training Fold 5 for model densenet121...
Starting training on Fold 5 for model densenet121...
[Epoch 1] Train Loss: 0.7153 Train Acc: 0.4993 Train Bal Acc: 0.4997
[Epoch 1] Val Loss: 0.6632 Val Acc: 0.6127 Val Bal Acc: 0.6116
---------------------------------------------------
New best model found (Val Balanced Acc: 0.6116)
[Epoch 2] Train Loss: 0.6427 Train Acc: 0.6360 Train Bal Acc: 0.6362
[Epoch 2] Val Loss: 0.6086 Val Acc: 0.6936 Val Bal Acc: 0.6925
---------------------------------------------------
New best model found (Val Balanced Acc: 0.6925)
Validation loss improved to 0.6086
[Epoch 3] Train Loss: 0.5996 Train Acc: 0.6935 Train Bal Acc: 0.6936
[Epoch 3] Val Loss: 0.5852 Val Acc: 0.7052 Val Bal Acc: 0.7042
---------------------------------------------------
New best model found (Val Balanced Acc: 0.7042)
Validation loss improved to 0.5852
[Epoch 4] Train Loss: 0.5618 Train Acc: 0.7396 Train Bal Acc: 0.7396
[Epoch 4] Val Loss: 0.5576 Val Acc: 0.7225 Val Bal Acc: 0.7217
---------------------------------------------------
New best model found (Val Balanced Acc: 0.7217)
Validation loss improved to 0.5576
[Epoch 5] Train Loss: 0.5493 Train Acc: 0.7367 Train Bal Acc: 0.7367
[Epoch 5] Val Loss: 0.5430 Val Acc: 0.7572 Val Bal Acc: 0.7563
---------------------------------------------------
New best model found (Val Balanced Acc: 0.7563)
Validation loss improved to 0.5430
[Epoch 6] Train Loss: 0.5292 Train Acc: 0.7468 Train Bal Acc: 0.7468
[Epoch 6] Val Loss: 0.5217 Val Acc: 0.7514 Val Bal Acc: 0.7507
---------------------------------------------------
Validation loss improved to 0.5217
[Epoch 7] Train Loss: 0.5428 Train Acc: 0.7079 Train Bal Acc: 0.7079
[Epoch 7] Val Loss: 0.5096 Val Acc: 0.7746 Val Bal Acc: 0.7739
---------------------------------------------------
New best model found (Val Balanced Acc: 0.7739)
Validation loss improved to 0.5096
[Epoch 8] Train Loss: 0.5093 Train Acc: 0.7669 Train Bal Acc: 0.7669
[Epoch 8] Val Loss: 0.4954 Val Acc: 0.7803 Val Bal Acc: 0.7797
---------------------------------------------------
New best model found (Val Balanced Acc: 0.7797)
Validation loss improved to 0.4954
[Epoch 9] Train Loss: 0.4762 Train Acc: 0.7741 Train Bal Acc: 0.7741
[Epoch 9] Val Loss: 0.4977 Val Acc: 0.7746 Val Bal Acc: 0.7739
---------------------------------------------------
No improvement in val loss. Counter: 1
[Epoch 10] Train Loss: 0.4788 Train Acc: 0.7871 Train Bal Acc: 0.7871
[Epoch 10] Val Loss: 0.4942 Val Acc: 0.7746 Val Bal Acc: 0.7739
---------------------------------------------------
Validation loss improved to 0.4942
[Epoch 11] Train Loss: 0.4856 Train Acc: 0.7540 Train Bal Acc: 0.7540
[Epoch 11] Val Loss: 0.4992 Val Acc: 0.7746 Val Bal Acc: 0.7738
---------------------------------------------------
No improvement in val loss. Counter: 1
[Epoch 12] Train Loss: 0.4818 Train Acc: 0.7741 Train Bal Acc: 0.7741
[Epoch 12] Val Loss: 0.4954 Val Acc: 0.7746 Val Bal Acc: 0.7738
---------------------------------------------------
No improvement in val loss. Counter: 2
[Epoch 13] Train Loss: 0.5009 Train Acc: 0.7612 Train Bal Acc: 0.7612
[Epoch 13] Val Loss: 0.4862 Val Acc: 0.7861 Val Bal Acc: 0.7858
---------------------------------------------------
New best model found (Val Balanced Acc: 0.7858)
Validation loss improved to 0.4862
[Epoch 14] Train Loss: 0.4552 Train Acc: 0.8029 Train Bal Acc: 0.8029
[Epoch 14] Val Loss: 0.4869 Val Acc: 0.7919 Val Bal Acc: 0.7916
---------------------------------------------------
New best model found (Val Balanced Acc: 0.7916)
No improvement in val loss. Counter: 1
[Epoch 15] Train Loss: 0.4558 Train Acc: 0.7928 Train Bal Acc: 0.7928
[Epoch 15] Val Loss: 0.4757 Val Acc: 0.7861 Val Bal Acc: 0.7859
---------------------------------------------------
Validation loss improved to 0.4757
[Epoch 16] Train Loss: 0.4596 Train Acc: 0.7871 Train Bal Acc: 0.7871
[Epoch 16] Val Loss: 0.4811 Val Acc: 0.7803 Val Bal Acc: 0.7797
---------------------------------------------------
No improvement in val loss. Counter: 1
[Epoch 17] Train Loss: 0.4475 Train Acc: 0.8014 Train Bal Acc: 0.8015
[Epoch 17] Val Loss: 0.4765 Val Acc: 0.7977 Val Bal Acc: 0.7972
---------------------------------------------------
New best model found (Val Balanced Acc: 0.7972)
No improvement in val loss. Counter: 2
[Epoch 18] Train Loss: 0.4580 Train Acc: 0.7784 Train Bal Acc: 0.7784
[Epoch 18] Val Loss: 0.4738 Val Acc: 0.7803 Val Bal Acc: 0.7803
---------------------------------------------------
Validation loss improved to 0.4738
[Epoch 19] Train Loss: 0.4172 Train Acc: 0.8043 Train Bal Acc: 0.8043
[Epoch 19] Val Loss: 0.4771 Val Acc: 0.8092 Val Bal Acc: 0.8092
---------------------------------------------------
New best model found (Val Balanced Acc: 0.8092)
No improvement in val loss. Counter: 1
[Epoch 20] Train Loss: 0.4450 Train Acc: 0.7899 Train Bal Acc: 0.7899
[Epoch 20] Val Loss: 0.4688 Val Acc: 0.7630 Val Bal Acc: 0.7627
---------------------------------------------------
Validation loss improved to 0.4688
[Epoch 21] Train Loss: 0.4220 Train Acc: 0.8101 Train Bal Acc: 0.8101
[Epoch 21] Val Loss: 0.4764 Val Acc: 0.7630 Val Bal Acc: 0.7628
---------------------------------------------------
No improvement in val loss. Counter: 1
[Epoch 22] Train Loss: 0.4349 Train Acc: 0.8043 Train Bal Acc: 0.8043
[Epoch 22] Val Loss: 0.4719 Val Acc: 0.7688 Val Bal Acc: 0.7683
---------------------------------------------------
No improvement in val loss. Counter: 2
[Epoch 23] Train Loss: 0.4122 Train Acc: 0.8129 Train Bal Acc: 0.8130
[Epoch 23] Val Loss: 0.4762 Val Acc: 0.7803 Val Bal Acc: 0.7799
---------------------------------------------------
No improvement in val loss. Counter: 3
[Epoch 24] Train Loss: 0.4311 Train Acc: 0.7842 Train Bal Acc: 0.7842
[Epoch 24] Val Loss: 0.5004 Val Acc: 0.7514 Val Bal Acc: 0.7507
---------------------------------------------------
No improvement in val loss. Counter: 4
[Epoch 25] Train Loss: 0.3935 Train Acc: 0.8115 Train Bal Acc: 0.8115
[Epoch 25] Val Loss: 0.4777 Val Acc: 0.7514 Val Bal Acc: 0.7511
---------------------------------------------------
No improvement in val loss. Counter: 5
[Epoch 26] Train Loss: 0.3821 Train Acc: 0.8187 Train Bal Acc: 0.8187
[Epoch 26] Val Loss: 0.4879 Val Acc: 0.7630 Val Bal Acc: 0.7625
---------------------------------------------------
No improvement in val loss. Counter: 6
[Epoch 27] Train Loss: 0.3763 Train Acc: 0.8187 Train Bal Acc: 0.8187
[Epoch 27] Val Loss: 0.4915 Val Acc: 0.7457 Val Bal Acc: 0.7453
---------------------------------------------------
No improvement in val loss. Counter: 7
[Epoch 28] Train Loss: 0.3921 Train Acc: 0.8259 Train Bal Acc: 0.8259
[Epoch 28] Val Loss: 0.4863 Val Acc: 0.7630 Val Bal Acc: 0.7630
---------------------------------------------------
No improvement in val loss. Counter: 8
[Epoch 29] Train Loss: 0.3857 Train Acc: 0.8216 Train Bal Acc: 0.8216
[Epoch 29] Val Loss: 0.4873 Val Acc: 0.7514 Val Bal Acc: 0.7511
---------------------------------------------------
No improvement in val loss. Counter: 9
[Epoch 30] Train Loss: 0.3722 Train Acc: 0.8388 Train Bal Acc: 0.8389
[Epoch 30] Val Loss: 0.4961 Val Acc: 0.7283 Val Bal Acc: 0.7281
---------------------------------------------------
No improvement in val loss. Counter: 10
Early stopping triggered at epoch 30
Saved best model checkpoint at Results/final_summary/densenet121/checkpoints/fold_5/model_fold_5_best.pth
